============================= test session starts ==============================
platform darwin -- Python 3.14.3, pytest-9.0.2, pluggy-1.6.0 -- /opt/homebrew/opt/python@3.14/bin/python3.14
cachedir: .pytest_cache
rootdir: ${HOME}/.worktrees/smartclaw/jc-226
configfile: pyproject.toml
collecting ... collected 99 items

src/tests/test_escalation_router.py::test_failure_budget_records_escalation PASSED [  1%]
src/tests/test_escalation_router.py::test_failure_budget_tracks_multiple_attempts PASSED [  2%]
src/tests/test_escalation_router.py::test_failure_budget_separate_subtasks PASSED [  3%]
src/tests/test_escalation_router.py::test_failure_budget_tracks_strategy_changes PASSED [  4%]
src/tests/test_escalation_router.py::test_failure_budget_is_exhausted PASSED [  5%]
src/tests/test_escalation_router.py::test_failure_budget_not_exhausted_before_limit PASSED [  6%]
src/tests/test_escalation_router.py::test_failure_budget_task_exhausted PASSED [  7%]
src/tests/test_escalation_router.py::test_failure_budget_summary PASSED  [  8%]
src/tests/test_escalation_router.py::test_ci_failed_retry_within_budget PASSED [  9%]
src/tests/test_escalation_router.py::test_ci_failed_escalate_over_budget PASSED [ 10%]
src/tests/test_escalation_router.py::test_ci_failed_with_tracked_budget PASSED [ 11%]
src/tests/test_escalation_router.py::test_changes_requested_retry PASSED [ 12%]
src/tests/test_escalation_router.py::test_changes_requested_retry_regardless_of_attempts PASSED [ 13%]
src/tests/test_escalation_router.py::test_session_stuck_kill_and_respawn PASSED [ 14%]
src/tests/test_escalation_router.py::test_session_stuck_timeout PASSED   [ 15%]
src/tests/test_escalation_router.py::test_session_stuck_waits_for_ci_pending PASSED [ 16%]
src/tests/test_escalation_router.py::test_session_stuck_waits_for_ci_in_progress PASSED [ 17%]
src/tests/test_escalation_router.py::test_session_stuck_kills_when_ci_green PASSED [ 18%]
src/tests/test_escalation_router.py::test_session_stuck_kills_when_ci_red PASSED [ 19%]
src/tests/test_escalation_router.py::test_session_stuck_ci_grace_period_configurable PASSED [ 20%]
src/tests/test_escalation_router.py::test_merge_ready_notify_jeffrey PASSED [ 21%]
src/tests/test_escalation_router.py::test_merge_conflicts_notify_jeffrey_with_details PASSED [ 22%]
src/tests/test_escalation_router.py::test_unknown_event_escalates_to_jeffrey PASSED [ 23%]
src/tests/test_escalation_router.py::test_needs_judgment_low_confidence_escalates PASSED [ 24%]
src/tests/test_escalation_router.py::test_confidence_threshold_in_policy PASSED [ 25%]
src/tests/test_escalation_router.py::test_budget_exceeded_escalates_to_jeffrey PASSED [ 26%]
src/tests/test_escalation_router.py::test_task_exhausted_escalates PASSED [ 27%]
src/tests/test_escalation_router.py::test_retry_action_includes_enriched_prompt PASSED [ 28%]
src/tests/test_escalation_router.py::test_retry_action_includes_session_context PASSED [ 29%]
src/tests/test_escalation_router.py::test_kill_and_respawn_includes_original_session PASSED [ 30%]
src/tests/test_escalation_router.py::test_kill_and_respawn_includes_project_context PASSED [ 31%]
src/tests/test_escalation_router.py::test_notify_jeffrey_includes_event_summary PASSED [ 32%]
src/tests/test_escalation_router.py::test_notify_jeffrey_includes_session_id PASSED [ 33%]
src/tests/test_escalation_router.py::test_full_ci_failure_retry_then_escalate PASSED [ 34%]
src/tests/test_escalation_router.py::test_different_reaction_keys_separate_budgets PASSED [ 35%]
src/tests/test_escalation_router.py::test_merge_ready_bypasses_ci_budget PASSED [ 36%]
src/tests/test_evidence_bundle.py::TestIsCodePath::test_orchestration_code PASSED [ 37%]
src/tests/test_evidence_bundle.py::TestIsCodePath::test_scripts PASSED   [ 38%]
src/tests/test_evidence_bundle.py::TestIsCodePath::test_soul_md PASSED   [ 39%]
src/tests/test_evidence_bundle.py::TestIsCodePath::test_docs_skipped PASSED [ 40%]
src/tests/test_evidence_bundle.py::TestIsCodePath::test_beads_skipped PASSED [ 41%]
src/tests/test_evidence_bundle.py::TestIsCodePath::test_tests_skipped PASSED [ 42%]
src/tests/test_evidence_bundle.py::TestIsCodePath::test_roadmap_skipped PASSED [ 43%]
src/tests/test_evidence_bundle.py::TestIsCodePath::test_workspace_md PASSED [ 44%]
src/tests/test_evidence_bundle.py::TestEvidenceBundleGenerate::test_generates_bundle_structure PASSED [ 45%]
src/tests/test_evidence_bundle.py::TestEvidenceBundleGenerate::test_ci_failure_causes_stage1_fail PASSED [ 46%]
src/tests/test_evidence_bundle.py::TestEvidenceBundleGenerate::test_pr_file_fetch_failure_fails_stage1 PASSED [ 47%]
src/tests/test_evidence_bundle.py::TestCheckEvidencePassUpdated::test_no_code_files_skips PASSED [ 48%]
src/tests/test_evidence_bundle.py::TestCheckEvidencePassUpdated::test_code_files_without_evidence_blocks PASSED [ 49%]
src/tests/test_evidence_bundle.py::TestCheckEvidencePassUpdated::test_legacy_pass_comment_no_longer_accepted PASSED [ 50%]
src/tests/test_merge_gate.py::TestParseCrVerdict::test_approved PASSED   [ 51%]
src/tests/test_merge_gate.py::TestParseCrVerdict::test_changes_requested PASSED [ 52%]
src/tests/test_merge_gate.py::TestParseCrVerdict::test_commented_no_critical PASSED [ 53%]
src/tests/test_merge_gate.py::TestParseCrVerdict::test_commented_with_critical PASSED [ 54%]
src/tests/test_merge_gate.py::TestParseCrVerdict::test_commented_with_major PASSED [ 55%]
src/tests/test_merge_gate.py::TestParseCrVerdict::test_no_false_positive_on_no_major_issues PASSED [ 56%]
src/tests/test_merge_gate.py::TestParseCrVerdict::test_no_false_positive_on_critical_praise PASSED [ 57%]
src/tests/test_merge_gate.py::TestClassifyInlineComments::test_no_comments PASSED [ 58%]
src/tests/test_merge_gate.py::TestClassifyInlineComments::test_human_comment_blocking PASSED [ 59%]
src/tests/test_merge_gate.py::TestClassifyInlineComments::test_cr_critical_blocking PASSED [ 60%]
src/tests/test_merge_gate.py::TestClassifyInlineComments::test_cr_low_informational PASSED [ 61%]
src/tests/test_merge_gate.py::TestClassifyInlineComments::test_copilot_informational PASSED [ 62%]
src/tests/test_merge_gate.py::TestClassifyInlineComments::test_cursor_bugbot_informational PASSED [ 63%]
src/tests/test_merge_gate.py::TestMergeGateIntegration::test_all_conditions_pass PASSED [ 64%]
src/tests/test_merge_gate.py::TestMergeGateIntegration::test_cr_changes_requested_blocks PASSED [ 65%]
src/tests/test_merge_gate.py::TestMergeGateIntegration::test_merge_conflict_blocks PASSED [ 66%]
src/tests/test_merge_gate.py::TestMergeGateIntegration::test_mergeable_null_blocks PASSED [ 67%]
src/tests/test_merge_gate.py::TestEvidencePattern::test_evidence_pass_bold PASSED [ 68%]
src/tests/test_merge_gate.py::TestEvidencePattern::test_er_pass_bold PASSED [ 69%]
src/tests/test_merge_gate.py::TestEvidencePattern::test_evidence_checkmark PASSED [ 70%]
src/tests/test_merge_gate.py::TestEvidencePattern::test_bare_pass_no_match PASSED [ 71%]
src/tests/test_merge_gate.py::TestEvidencePattern::test_passport_no_match PASSED [ 72%]
src/tests/test_merge_gate.py::TestEvidencePattern::test_bypass_no_match PASSED [ 73%]
src/tests/test_merge_gate.py::TestCheckEvidencePassUpdated::test_no_code_files_skips PASSED [ 74%]
src/tests/test_merge_gate.py::TestCheckEvidencePassUpdated::test_verdict_json_with_parse_error_blocks PASSED [ 75%]
src/tests/test_merge_gate.py::TestCheckEvidencePassUpdated::test_verdict_json_passed PASSED [ 76%]
src/tests/test_merge_gate.py::TestBlockingCommentsResolution::test_resolved_critical_comments_do_not_block PASSED [ 77%]
src/tests/test_merge_gate.py::TestBlockingCommentsResolution::test_unresolved_critical_comments_block PASSED [ 78%]
src/tests/test_merge_gate.py::TestBlockingCommentsResolution::test_graphql_failure_falls_back_to_rest PASSED [ 79%]
src/tests/test_merge_gate.py::TestUnresolvedThreadPagination::test_unresolved_comment_ids_are_paginated PASSED [ 80%]
src/tests/test_merge_gate.py::TestOpenClawReviewMissing::test_no_openclaw_review_blocks PASSED [ 81%]
src/tests/test_merge_gate.py::TestCrBodyFalsePositive::test_cr_commented_with_major_but_threads_resolved_passes PASSED [ 82%]
src/tests/test_merge_gate.py::TestCrBodyFalsePositive::test_cr_waiver_ignores_non_cr_unresolved_threads PASSED [ 83%]
src/tests/test_merge_gate.py::TestCrBodyFalsePositive::test_cr_commented_with_major_and_unresolved_cr_threads_blocks PASSED [ 84%]
src/tests/test_merge_gate.py::TestCrBodyFalsePositive::test_cr_commented_no_markers_passes_without_graphql PASSED [ 85%]
src/tests/test_merge_gate.py::TestMergeGateCLI::test_cli_imports PASSED  [ 86%]
src/tests/test_stage2_reviewer.py::TestParseVerdictFromReview::test_pass_verdict PASSED [ 87%]
src/tests/test_stage2_reviewer.py::TestParseVerdictFromReview::test_fail_verdict PASSED [ 88%]
src/tests/test_stage2_reviewer.py::TestParseVerdictFromReview::test_fail_closed_on_ambiguous PASSED [ 89%]
src/tests/test_stage2_reviewer.py::TestParseVerdictFromReview::test_extracts_findings PASSED [ 90%]
src/tests/test_stage2_reviewer.py::TestParseVerdictFromReview::test_empty_findings_section PASSED [ 91%]
src/tests/test_stage2_reviewer.py::TestReadBundle::test_reads_claims_and_artifacts PASSED [ 92%]
src/tests/test_stage2_reviewer.py::TestReadBundle::test_missing_claims PASSED [ 93%]
src/tests/test_stage2_reviewer.py::TestReadBundle::test_truncates_large_artifacts PASSED [ 94%]
src/tests/test_stage2_reviewer.py::TestRunStage2::test_pass_updates_verdict PASSED [ 95%]
src/tests/test_stage2_reviewer.py::TestRunStage2::test_fail_updates_verdict PASSED [ 96%]
src/tests/test_stage2_reviewer.py::TestRunStage2::test_no_reviewer_available PASSED [ 97%]
src/tests/test_stage2_reviewer.py::TestRunStage2::test_same_family_blocked PASSED [ 98%]
src/tests/test_stage2_reviewer.py::TestLegacyFallbackRemoved::test_code_pr_without_evidence_bundle_blocks PASSED [100%]

============================== 99 passed in 0.31s ==============================
